<?xml version="1.0" encoding="UTF-8"?>
<!-- Generated by org.testng.reporters.JUnitReportReporter -->
<testsuite hostname="LAPTOP-Q4CH59L7" failures="0" tests="1" name="TEST.validate_Ebay_Login" time="31.958" errors="0" timestamp="2023-08-03T12:04:20 IST" skipped="0">
  <testcase classname="TEST.validate_Ebay_Login" name="ValidateLogin" time="31.958"/>
  <system-out>
    <![CDATA[TC is Running
Actual&Expected matching TC passed]]>
  </system-out>
</testsuite> <!-- TEST.validate_Ebay_Login -->
